[debug] [2020-11-09T10:32:17.940Z] ----------------------------------------------------------------------
[debug] [2020-11-09T10:32:17.943Z] Command:       C:\Program Files\nodejs\node.exe C:\Users\HP\AppData\Roaming\npm\node_modules\firebase-tools\lib\bin\firebase.js init
[debug] [2020-11-09T10:32:17.945Z] CLI Version:   8.14.1
[debug] [2020-11-09T10:32:17.945Z] Platform:      win32
[debug] [2020-11-09T10:32:17.945Z] Node Version:  v14.9.0
[debug] [2020-11-09T10:32:17.946Z] Time:          Mon Nov 09 2020 16:02:17 GMT+0530 (India Standard Time)
[debug] [2020-11-09T10:32:17.946Z] ----------------------------------------------------------------------
[debug] [2020-11-09T10:32:17.946Z] 
[debug] [2020-11-09T10:32:17.952Z] > command requires scopes: ["email","openid","https://www.googleapis.com/auth/cloudplatformprojects.readonly","https://www.googleapis.com/auth/firebase","https://www.googleapis.com/auth/cloud-platform"]
[debug] [2020-11-09T10:32:17.953Z] > authorizing via signed-in user
[info] 
     ######## #### ########  ######## ########     ###     ######  ########
     ##        ##  ##     ## ##       ##     ##  ##   ##  ##       ##
     ######    ##  ########  ######   ########  #########  ######  ######
     ##        ##  ##    ##  ##       ##     ## ##     ##       ## ##
     ##       #### ##     ## ######## ########  ##     ##  ######  ########

You're about to initialize a Firebase project in this directory:

  E:\ardrashop.com

Before we get started, keep in mind:

  * You are initializing in an existing Firebase project directory

